TN:
SF:src/entity/address.ts
FN:1,<instance_members_initializer>
FN:7,Address
FN:16,validate
FN:31,toString
FNF:4
FNH:3
FNDA:1,<instance_members_initializer>
FNDA:1,Address
FNDA:1,validate
FNDA:0,toString
DA:1,1
DA:2,1
DA:3,1
DA:4,1
DA:5,1
DA:6,1
DA:7,1
DA:8,1
DA:9,1
DA:10,1
DA:11,1
DA:12,1
DA:13,1
DA:14,1
DA:15,1
DA:16,1
DA:17,1
DA:18,0
DA:19,0
DA:20,1
DA:21,0
DA:22,0
DA:23,1
DA:24,0
DA:25,0
DA:26,1
DA:27,0
DA:28,0
DA:29,1
DA:30,1
DA:31,1
DA:32,0
DA:33,0
DA:34,1
LF:34
LH:24
BRDA:1,0,0,1
BRDA:7,1,0,1
BRDA:16,2,0,1
BRDA:17,3,0,0
BRDA:20,4,0,0
BRDA:23,5,0,0
BRDA:26,6,0,0
BRF:7
BRH:3
end_of_record
TN:
SF:src/entity/customer.ts
FN:3,<instance_members_initializer>
FN:9,Customer
FN:16,get id
FN:19,get name
FN:23,validate
FN:32,changeName
FN:37,activate
FN:44,deactivate
FN:48,isActive
FN:52,set address
FNF:10
FNH:9
FNDA:6,<instance_members_initializer>
FNDA:6,Customer
FNDA:0,get id
FNDA:1,get name
FNDA:7,validate
FNDA:1,changeName
FNDA:2,activate
FNDA:1,deactivate
FNDA:2,isActive
FNDA:1,set address
DA:1,1
DA:2,1
DA:3,1
DA:4,6
DA:5,6
DA:6,6
DA:7,6
DA:8,6
DA:9,6
DA:10,6
DA:11,6
DA:12,6
DA:13,6
DA:14,6
DA:15,6
DA:16,6
DA:17,0
DA:18,0
DA:19,6
DA:20,1
DA:21,1
DA:22,6
DA:23,6
DA:24,7
DA:25,1
DA:26,1
DA:27,6
DA:28,7
DA:29,1
DA:30,1
DA:31,7
DA:32,6
DA:33,1
DA:34,1
DA:35,1
DA:36,6
DA:37,6
DA:38,2
DA:39,1
DA:40,1
DA:41,1
DA:42,1
DA:43,6
DA:44,6
DA:45,1
DA:46,1
DA:47,6
DA:48,6
DA:49,2
DA:50,2
DA:51,6
DA:52,6
DA:53,1
DA:54,1
DA:55,6
LF:55
LH:53
BRDA:3,0,0,6
BRDA:9,1,0,6
BRDA:19,2,0,1
BRDA:23,3,0,7
BRDA:24,4,0,1
BRDA:26,5,0,6
BRDA:28,6,0,1
BRDA:32,7,0,1
BRDA:37,8,0,2
BRDA:38,9,0,1
BRDA:44,10,0,1
BRDA:48,11,0,2
BRDA:52,12,0,1
BRF:13
BRH:13
end_of_record
TN:
SF:src/entity/order.ts
FN:3,<instance_members_initializer>
FN:9,Order
FN:17,validate
FN:31,total
FNF:4
FNH:4
FNDA:5,<instance_members_initializer>
FNDA:5,Order
FNDA:5,validate
FNDA:7,total
DA:1,1
DA:2,1
DA:3,1
DA:4,5
DA:5,5
DA:6,5
DA:7,5
DA:8,5
DA:9,5
DA:10,5
DA:11,5
DA:12,5
DA:13,5
DA:14,5
DA:15,5
DA:16,5
DA:17,5
DA:18,5
DA:19,1
DA:20,1
DA:21,4
DA:22,5
DA:23,1
DA:24,1
DA:25,3
DA:26,5
DA:27,1
DA:28,1
DA:29,5
DA:30,5
DA:31,5
DA:32,7
DA:33,7
DA:34,5
LF:34
LH:34
BRDA:3,0,0,5
BRDA:9,1,0,5
BRDA:17,2,0,5
BRDA:18,3,0,1
BRDA:20,4,0,4
BRDA:22,5,0,1
BRDA:24,6,0,3
BRDA:26,7,0,1
BRDA:31,8,0,7
BRDA:32,9,0,6
BRF:10
BRH:10
end_of_record
TN:
SF:src/entity/order_item.ts
FN:1,<instance_members_initializer>
FN:6,OrderItem
FN:12,get price
FNF:3
FNH:3
FNDA:2,<instance_members_initializer>
FNDA:2,OrderItem
FNDA:6,get price
DA:1,1
DA:2,2
DA:3,2
DA:4,2
DA:5,2
DA:6,2
DA:7,2
DA:8,2
DA:9,2
DA:10,2
DA:11,2
DA:12,2
DA:13,6
DA:14,6
DA:15,2
LF:15
LH:15
BRDA:1,0,0,2
BRDA:6,1,0,2
BRDA:12,2,0,6
BRF:3
BRH:3
end_of_record
